<?xml version="1.0" encoding="UTF-8"?>
<!-- Generated by org.testng.reporters.JUnitReportReporter -->
<testsuite hostname="DESKTOP-NB17RKO" failures="0" tests="1" name="com.jala.qa.testcases.CreateEmployeeTestPage" time="14.977" errors="0" timestamp="2024-08-07T23:28:09 IST" skipped="0">
  <testcase classname="com.jala.qa.testcases.CreateEmployeeTestPage" name="ValidateCreateNewEmployee" time="14.977"/>
</testsuite> <!-- com.jala.qa.testcases.CreateEmployeeTestPage -->
