<?xml version="1.0" encoding="UTF-8"?>
<!-- Generated by org.testng.reporters.JUnitReportReporter -->
<testsuite hostname="DESKTOP-NB17RKO" failures="0" tests="6" name="com.jala.qa.pages.base" time="34.905" errors="0" timestamp="2024-08-07T14:07:58 IST" skipped="0">
  <testcase classname="com.jala.qa.pages.base" name="login" time="5.619"/>
  <testcase classname="com.jala.qa.pages.base" name="login" time="5.674"/>
  <testcase classname="com.jala.qa.pages.base" name="login" time="6.357"/>
  <testcase classname="com.jala.qa.pages.base" name="login" time="5.654"/>
  <testcase classname="com.jala.qa.pages.base" name="login" time="5.806"/>
  <testcase classname="com.jala.qa.pages.base" name="login" time="5.795"/>
</testsuite> <!-- com.jala.qa.pages.base -->
