<?xml version="1.0" encoding="UTF-8"?>
<!-- Generated by org.testng.reporters.JUnitReportReporter -->
<testsuite hostname="DESKTOP-NB17RKO" failures="0" tests="7" name="com.jala.qa.testcases.LoginTestPage" time="38.086" errors="0" timestamp="2024-08-08T14:30:41 IST" skipped="0">
  <testcase classname="com.jala.qa.testcases.LoginTestPage" name="validateLoginCredential" time="4.262"/>
  <testcase classname="com.jala.qa.testcases.LoginTestPage" name="validateLoginCredential" time="4.283"/>
  <testcase classname="com.jala.qa.testcases.LoginTestPage" name="validateLoginCredential" time="4.038"/>
  <testcase classname="com.jala.qa.testcases.LoginTestPage" name="validateLoginCredential" time="4.150"/>
  <testcase classname="com.jala.qa.testcases.LoginTestPage" name="validateLoginCredential" time="11.629"/>
  <testcase classname="com.jala.qa.testcases.LoginTestPage" name="validateLoginCredential" time="5.123"/>
  <testcase classname="com.jala.qa.testcases.LoginTestPage" name="validateLoginCredential" time="4.601"/>
</testsuite> <!-- com.jala.qa.testcases.LoginTestPage -->
