<?xml version="1.0" encoding="UTF-8"?>
<!-- Generated by org.testng.reporters.JUnitReportReporter -->
<testsuite hostname="DESKTOP-NB17RKO" failures="0" tests="2" name="com.jala.qa.testcases.HomeTestPage" time="9.930" errors="0" timestamp="2024-08-07T23:28:48 IST" skipped="0">
  <testcase classname="com.jala.qa.testcases.HomeTestPage" name="validateHomePageUrl" time="5.481"/>
  <testcase classname="com.jala.qa.testcases.HomeTestPage" name="validateEmployeeAndCreateTab" time="4.449"/>
</testsuite> <!-- com.jala.qa.testcases.HomeTestPage -->
