<?xml version="1.0" encoding="UTF-8"?>
<!-- Generated by org.testng.reporters.JUnitReportReporter -->
<testsuite hostname="DESKTOP-NB17RKO" failures="0" tests="1" name="com.jala.qa.pages.utililty" time="1.768" errors="0" timestamp="2024-08-07T10:21:45 IST" skipped="0">
  <testcase classname="com.jala.qa.pages.utililty" name="getData" time="1.768"/>
</testsuite> <!-- com.jala.qa.pages.utililty -->
